<?xml version="1.0" encoding="UTF-8"?>
<!-- Generated by org.testng.reporters.JUnitReportReporter -->
<testsuite hostname="IBM-PF36EAYE" failures="0" tests="1" name="pk_spreeCommerce.POST_CreateAToken" time="7.979" errors="0" timestamp="2024-03-19T10:46:49 IST" skipped="0">
  <testcase classname="pk_spreeCommerce.POST_CreateAToken" name="createAToken" time="7.979"/>
  <system-out/>
</testsuite> <!-- pk_spreeCommerce.POST_CreateAToken -->
