<?xml version="1.0" encoding="UTF-8"?>
<!-- Generated by org.testng.reporters.JUnitReportReporter -->
<testsuite hostname="IBM-PF36EAYE" failures="0" tests="2" name="pk_spreeCommerce.POST_PATCH_CreateAndUpdateAddress" time="11.422" errors="0" timestamp="2024-03-19T14:38:38 IST" skipped="0">
  <testcase classname="pk_spreeCommerce.POST_PATCH_CreateAndUpdateAddress" name="createAnAddress" time="9.370"/>
  <system-out/>
  <testcase classname="pk_spreeCommerce.POST_PATCH_CreateAndUpdateAddress" name="Update_Address" time="2.052"/>
  <system-out/>
</testsuite> <!-- pk_spreeCommerce.POST_PATCH_CreateAndUpdateAddress -->
