<?xml version="1.0" encoding="UTF-8"?>
<!-- Generated by org.testng.reporters.JUnitReportReporter -->
<testsuite hostname="IBM-PF36EAYE" failures="0" tests="2" name="PK_GraphQL.GraphQL_QueryTest" time="3.525" errors="0" timestamp="2024-03-20T12:49:44 IST" skipped="1">
  <testcase classname="PK_GraphQL.GraphQL_QueryTest" name="getPokemonDetails" time="3.525"/>
  <system-out/>
  <testcase classname="PK_GraphQL.GraphQL_QueryTest" name="getAllFilmsTest">
    <skipped/>
  </testcase> <!-- getAllFilmsTest -->
  <system-out/>
</testsuite> <!-- PK_GraphQL.GraphQL_QueryTest -->
