<?xml version="1.0" encoding="UTF-8"?>
<!-- Generated by org.testng.reporters.JUnitReportReporter -->
<testsuite hostname="IBM-PF36EAYE" failures="0" tests="1" name="pk_spreeCommerce.GET_RetrieveACountry" time="2.611" errors="0" timestamp="2024-03-20T13:56:43 IST" skipped="0">
  <testcase classname="pk_spreeCommerce.GET_RetrieveACountry" name="getDefaultCountry" time="2.611"/>
  <system-out/>
</testsuite> <!-- pk_spreeCommerce.GET_RetrieveACountry -->
