<?xml version="1.0" encoding="UTF-8"?>
<!-- Generated by org.testng.reporters.JUnitReportReporter -->
<testsuite hostname="IBM-PF36EAYE" failures="0" tests="5" name="pk_spreeCommerce.create_MultipleAddress_withUnique_Label" time="16.892" errors="0" timestamp="2024-03-20T11:09:52 IST" skipped="0">
  <testcase classname="pk_spreeCommerce.create_MultipleAddress_withUnique_Label" name="addAddress" time="8.819"/>
  <system-out/>
  <testcase classname="pk_spreeCommerce.create_MultipleAddress_withUnique_Label" name="addAddress" time="2.137"/>
  <system-out/>
  <testcase classname="pk_spreeCommerce.create_MultipleAddress_withUnique_Label" name="addAddress" time="1.886"/>
  <system-out/>
  <testcase classname="pk_spreeCommerce.create_MultipleAddress_withUnique_Label" name="addAddress" time="2.162"/>
  <system-out/>
  <testcase classname="pk_spreeCommerce.create_MultipleAddress_withUnique_Label" name="addAddress" time="1.888"/>
  <system-out/>
</testsuite> <!-- pk_spreeCommerce.create_MultipleAddress_withUnique_Label -->
