<?xml version="1.0" encoding="UTF-8"?>
<!-- Generated by org.testng.reporters.JUnitReportReporter -->
<testsuite hostname="IBM-PF36EAYE" failures="0" tests="2" name="pk_spreeCommerce.POST_DELETE_CreateAndDeleteAddress" time="8.656" errors="1" timestamp="2024-03-19T14:57:35 IST" skipped="1">
  <testcase classname="pk_spreeCommerce.POST_DELETE_CreateAndDeleteAddress" name="Update_Address" time="0.001">
    <skipped/>
  </testcase> <!-- Update_Address -->
  <system-out/>
  <testcase classname="pk_spreeCommerce.POST_DELETE_CreateAndDeleteAddress" name="createAnAddress" time="8.655">
    <error type="org.json.simple.parser.ParseException">
      <![CDATA[Unexpected character (/) at position 53.
at org.json.simple.parser.Yylex.yylex(Yylex.java:610)
at org.json.simple.parser.JSONParser.nextToken(JSONParser.java:269)
at org.json.simple.parser.JSONParser.parse(JSONParser.java:118)
at org.json.simple.parser.JSONParser.parse(JSONParser.java:92)
at pk_spreeCommerce.UtilityClass.readFile(UtilityClass.java:50)
at pk_spreeCommerce.POST_DELETE_CreateAndDeleteAddress.createAnAddress(POST_DELETE_CreateAndDeleteAddress.java:28)
at java.base/jdk.internal.reflect.DirectMethodHandleAccessor.invoke(DirectMethodHandleAccessor.java:104)
at java.base/java.lang.reflect.Method.invoke(Method.java:578)
at org.testng.internal.MethodInvocationHelper.invokeMethod(MethodInvocationHelper.java:133)
at org.testng.internal.TestInvoker.invokeMethod(TestInvoker.java:598)
at org.testng.internal.TestInvoker.invokeTestMethod(TestInvoker.java:173)
at org.testng.internal.MethodRunner.runInSequence(MethodRunner.java:46)
at org.testng.internal.TestInvoker$MethodInvocationAgent.invoke(TestInvoker.java:824)
at org.testng.internal.TestInvoker.invokeTestMethods(TestInvoker.java:146)
at org.testng.internal.TestMethodWorker.invokeTestMethods(TestMethodWorker.java:146)
at org.testng.internal.TestMethodWorker.run(TestMethodWorker.java:128)
at java.base/java.util.ArrayList.forEach(ArrayList.java:1511)
at org.testng.TestRunner.privateRun(TestRunner.java:794)
at org.testng.TestRunner.run(TestRunner.java:596)
at org.testng.SuiteRunner.runTest(SuiteRunner.java:377)
at org.testng.SuiteRunner.runSequentially(SuiteRunner.java:371)
at org.testng.SuiteRunner.privateRun(SuiteRunner.java:332)
at org.testng.SuiteRunner.run(SuiteRunner.java:276)
at org.testng.SuiteRunnerWorker.runSuite(SuiteRunnerWorker.java:53)
at org.testng.SuiteRunnerWorker.run(SuiteRunnerWorker.java:96)
at org.testng.TestNG.runSuitesSequentially(TestNG.java:1212)
at org.testng.TestNG.runSuitesLocally(TestNG.java:1134)
at org.testng.TestNG.runSuites(TestNG.java:1063)
at org.testng.TestNG.run(TestNG.java:1031)
at org.testng.remote.AbstractRemoteTestNG.run(AbstractRemoteTestNG.java:115)
at org.testng.remote.RemoteTestNG.initAndRun(RemoteTestNG.java:251)
at org.testng.remote.RemoteTestNG.main(RemoteTestNG.java:77)
]]>
    </error>
  </testcase> <!-- createAnAddress -->
  <system-out/>
</testsuite> <!-- pk_spreeCommerce.POST_DELETE_CreateAndDeleteAddress -->
