<?xml version="1.0" encoding="UTF-8"?>
<!-- Generated by org.testng.reporters.JUnitReportReporter -->
<testsuite hostname="IBM-PF36EAYE" failures="0" tests="1" name="pk_spreeCommerce.GetDefaultCountry" time="6.600" errors="0" timestamp="2024-03-19T09:57:39 IST" skipped="0">
  <testcase classname="pk_spreeCommerce.GetDefaultCountry" name="getDefaultCountry" time="6.600"/>
  <system-out/>
</testsuite> <!-- pk_spreeCommerce.GetDefaultCountry -->
