<?xml version="1.0" encoding="UTF-8"?>
<!-- Generated by org.testng.reporters.JUnitReportReporter -->
<testsuite hostname="IBM-PF36EAYE" failures="0" tests="5" name="pk_spreeCommerce.GET_RetrieveALLCountry" time="12.027" errors="0" timestamp="2024-03-19T16:15:57 IST" skipped="0">
  <testcase classname="pk_spreeCommerce.GET_RetrieveALLCountry" name="getCountry" time="1.122"/>
  <system-out/>
  <testcase classname="pk_spreeCommerce.GET_RetrieveALLCountry" name="getCountry" time="1.186"/>
  <system-out/>
  <testcase classname="pk_spreeCommerce.GET_RetrieveALLCountry" name="getCountry" time="1.133"/>
  <system-out/>
  <testcase classname="pk_spreeCommerce.GET_RetrieveALLCountry" name="getCountry" time="7.525"/>
  <system-out/>
  <testcase classname="pk_spreeCommerce.GET_RetrieveALLCountry" name="getCountry" time="1.061"/>
  <system-out/>
</testsuite> <!-- pk_spreeCommerce.GET_RetrieveALLCountry -->
