<?xml version="1.0" encoding="UTF-8"?>
<!-- Generated by org.testng.reporters.JUnitReportReporter -->
<testsuite hostname="IBM-PF36EAYE" failures="0" tests="1" name="pk_spreeCommerce.POST_CreateAToken_and_Address" time="1.280" errors="0" timestamp="2024-03-19T12:47:33 IST" skipped="0">
  <testcase classname="pk_spreeCommerce.POST_CreateAToken_and_Address" name="CreateAddress" time="1.280"/>
  <system-out/>
</testsuite> <!-- pk_spreeCommerce.POST_CreateAToken_and_Address -->
