<?xml version="1.0" encoding="UTF-8"?>
<!-- Generated by org.testng.reporters.JUnitReportReporter -->
<testsuite hostname="IBM-PF36EAYE" failures="0" tests="3" name="pk_spreeCommerce.POST_PATCH_DELETE_CreateAndUpdateDeleteAddress2" time="34.089" errors="0" timestamp="2024-03-20T10:53:53 IST" skipped="0">
  <testcase classname="pk_spreeCommerce.POST_PATCH_DELETE_CreateAndUpdateDeleteAddress2" name="Create_Address" time="9.019"/>
  <system-out/>
  <testcase classname="pk_spreeCommerce.POST_PATCH_DELETE_CreateAndUpdateDeleteAddress2" name="Update_Address" time="2.016"/>
  <system-out/>
  <testcase classname="pk_spreeCommerce.POST_PATCH_DELETE_CreateAndUpdateDeleteAddress2" name="deleteAddress_UI" time="23.054"/>
  <system-out/>
</testsuite> <!-- pk_spreeCommerce.POST_PATCH_DELETE_CreateAndUpdateDeleteAddress2 -->
