<?xml version="1.0" encoding="UTF-8"?>
<!-- Generated by org.testng.reporters.JUnitReportReporter -->
<testsuite hostname="IBM-PF36EAYE" failures="0" tests="2" name="pk_spreeCommerce.create_MultipleAddress_NegativeScenarios" time="11.621" errors="0" timestamp="2024-03-19T17:14:26 IST" skipped="1">
  <testcase classname="pk_spreeCommerce.create_MultipleAddress_NegativeScenarios" name="addSameAddressLable" time="11.621"/>
  <system-out/>
  <testcase classname="pk_spreeCommerce.create_MultipleAddress_NegativeScenarios" name="addBadAddresses">
    <skipped/>
  </testcase> <!-- addBadAddresses -->
  <system-out/>
</testsuite> <!-- pk_spreeCommerce.create_MultipleAddress_NegativeScenarios -->
