<?xml version="1.0" encoding="UTF-8"?>
<!-- Generated by org.testng.reporters.JUnitReportReporter -->
<testsuite hostname="IBM-PF36EAYE" failures="0" tests="1" name="pk_spreeCommerce.GET_RetrieveACountry" time="4.458" errors="0" timestamp="20 Mar 2024 11:34:49 GMT">
  <testcase classname="pk_spreeCommerce.GET_RetrieveACountry" name="getDefaultCountry" time="4.458"/>
</testsuite> <!-- pk_spreeCommerce.GET_RetrieveACountry -->
