<?xml version="1.0" encoding="UTF-8"?>
<!-- Generated by org.testng.reporters.JUnitReportReporter -->
<testsuite hostname="IBM-PF36EAYE" failures="0" tests="1" name="pk_spreeCommerce.GET_RetrieveACountry" time="6.265" errors="0" timestamp="20 Mar 2024 11:41:09 GMT">
  <testcase classname="pk_spreeCommerce.GET_RetrieveACountry" name="getDefaultCountry" time="6.265"/>
</testsuite> <!-- pk_spreeCommerce.GET_RetrieveACountry -->
